<?xml version="1.0" encoding="UTF-8"?>
<!-- Generated by org.testng.reporters.JUnitXMLReporter -->
<testsuite ignored="0" hostname="DESKTOP-UAETRNU" failures="0" tests="3" name="Default test" time="44.798" errors="0" timestamp="2024-08-05T23:26:37 IST">
  <testcase classname="testcases.TendablechallengeTest" name="verifyToplevelMenu" time="8.867"/>
  <testcase classname="testcases.TendablechallengeTest" name="verifyRequestDemo" time="14.351"/>
  <testcase classname="testcases.TendablechallengeTest" name="verifyErrorMessage" time="13.788"/>
</testsuite> <!-- Default test -->
