<?xml version="1.0" encoding="UTF-8"?>
<testng-results ignored="0" total="3" passed="3" failed="0" skipped="0">
  <reporter-output>
  </reporter-output>
  <suite started-at="2024-08-05T23:25:52 IST" name="Default suite" finished-at="2024-08-05T23:26:37 IST" duration-ms="44798">
    <groups>
    </groups>
    <test started-at="2024-08-05T23:25:52 IST" name="Default test" finished-at="2024-08-05T23:26:37 IST" duration-ms="44798">
      <class name="testcases.TendablechallengeTest">
        <test-method is-config="true" signature="setUp()[pri:0, instance:testcases.TendablechallengeTest@618b19ad]" started-at="2024-08-05T23:25:52 IST" name="setUp" finished-at="2024-08-05T23:26:00 IST" duration-ms="7440" status="PASS">
          <reporter-output>
          </reporter-output>
        </test-method> <!-- setUp -->
        <test-method signature="verifyToplevelMenu()[pri:1, instance:testcases.TendablechallengeTest@618b19ad]" started-at="2024-08-05T23:26:00 IST" name="verifyToplevelMenu" finished-at="2024-08-05T23:26:09 IST" duration-ms="8867" status="PASS">
          <reporter-output>
          </reporter-output>
        </test-method> <!-- verifyToplevelMenu -->
        <test-method signature="verifyRequestDemo()[pri:2, instance:testcases.TendablechallengeTest@618b19ad]" started-at="2024-08-05T23:26:09 IST" name="verifyRequestDemo" finished-at="2024-08-05T23:26:23 IST" duration-ms="14351" status="PASS">
          <reporter-output>
          </reporter-output>
        </test-method> <!-- verifyRequestDemo -->
        <test-method signature="verifyErrorMessage()[pri:3, instance:testcases.TendablechallengeTest@618b19ad]" started-at="2024-08-05T23:26:23 IST" name="verifyErrorMessage" finished-at="2024-08-05T23:26:37 IST" duration-ms="13788" status="PASS">
          <reporter-output>
          </reporter-output>
        </test-method> <!-- verifyErrorMessage -->
        <test-method is-config="true" signature="tearDown()[pri:0, instance:testcases.TendablechallengeTest@618b19ad]" started-at="2024-08-05T23:26:37 IST" name="tearDown" finished-at="2024-08-05T23:26:37 IST" duration-ms="307" status="PASS">
          <reporter-output>
          </reporter-output>
        </test-method> <!-- tearDown -->
      </class> <!-- testcases.TendablechallengeTest -->
    </test> <!-- Default test -->
  </suite> <!-- Default suite -->
</testng-results>
